<?xml version="1.0" encoding="UTF-8"?>
<!-- Generated by org.testng.reporters.JUnitReportReporter -->
<testsuite hostname="TYSS-Piyush-Baldaniya" failures="0" tests="5" name="advance_reports.SauceDemo" time="2.225" errors="0" timestamp="2025-10-30T14:59:00 IST" skipped="0">
  <testcase classname="advance_reports.SauceDemo" name="login2" time="0.003"/>
  <testcase classname="advance_reports.SauceDemo" name="takeSS" time="2.202"/>
  <testcase classname="advance_reports.SauceDemo" name="login4" time="0.003"/>
  <testcase classname="advance_reports.SauceDemo" name="login1" time="0.014"/>
  <testcase classname="advance_reports.SauceDemo" name="login3" time="0.003"/>
</testsuite> <!-- advance_reports.SauceDemo -->
