<?xml version="1.0" encoding="UTF-8"?>
<!-- Generated by org.testng.reporters.JUnitReportReporter -->
<testsuite hostname="TYSS-Piyush-Baldaniya" failures="0" tests="1" name="types_of_execution.Demo1" time="6.525" errors="0" timestamp="2025-10-13T15:42:29 IST" skipped="0">
  <testcase classname="types_of_execution.Demo1" name="case1" time="6.525"/>
</testsuite> <!-- types_of_execution.Demo1 -->
