<?xml version="1.0" encoding="UTF-8"?>
<!-- Generated by org.testng.reporters.JUnitReportReporter -->
<testsuite hostname="TYSS-Piyush-Baldaniya" failures="0" tests="1" name="listeners_extra.JustToProve2" time="0.002" errors="0" timestamp="2025-10-31T15:31:36 IST" skipped="0">
  <testcase classname="listeners_extra.JustToProve2" name="case2" time="0.002"/>
</testsuite> <!-- listeners_extra.JustToProve2 -->
