<?xml version="1.0" encoding="UTF-8"?>
<!-- Generated by org.testng.reporters.JUnitReportReporter -->
<testsuite hostname="TYSS-Piyush-Baldaniya" failures="0" tests="1" name="listeners_extra.JustToProve" time="0.011" errors="0" timestamp="2025-10-31T14:56:50 IST" skipped="0">
  <testcase classname="listeners_extra.JustToProve" name="case1" time="0.011"/>
</testsuite> <!-- listeners_extra.JustToProve -->
