<?xml version="1.0" encoding="UTF-8"?>
<!-- Generated by org.testng.reporters.JUnitReportReporter -->
<testsuite hostname="TYSS-Piyush-Baldaniya" failures="0" tests="2" name="config_ann_extra.ContactTest" time="0.011" errors="0" timestamp="2025-10-14T15:37:59 IST" skipped="0">
  <testcase classname="config_ann_extra.ContactTest" name="createContactTest" time="0.008"/>
  <testcase classname="config_ann_extra.ContactTest" name="deleteContactTest" time="0.003"/>
</testsuite> <!-- config_ann_extra.ContactTest -->
