<?xml version="1.0" encoding="UTF-8"?>
<!-- Generated by org.testng.reporters.JUnitReportReporter -->
<testsuite hostname="TYSS-Piyush-Baldaniya" failures="0" tests="1" name="dp_extra.ArrayCheck" time="0.008" errors="0" timestamp="2025-10-10T15:27:28 IST" skipped="0">
  <testcase classname="dp_extra.ArrayCheck" name="singleDimension" time="0.008"/>
</testsuite> <!-- dp_extra.ArrayCheck -->
