<?xml version="1.0" encoding="UTF-8"?>
<!-- Generated by org.testng.reporters.JUnitReportReporter -->
<testsuite hostname="TYSS-Piyush-Baldaniya" failures="0" tests="1" name="types_of_execution.Demo2" time="2.942" errors="0" timestamp="2025-10-28T14:52:36 IST" skipped="0">
  <testcase classname="types_of_execution.Demo2" name="case22" time="2.942"/>
</testsuite> <!-- types_of_execution.Demo2 -->
