<?xml version="1.0" encoding="UTF-8"?>
<!-- Generated by org.testng.reporters.JUnitReportReporter -->
<testsuite hostname="TYSS-Piyush-Baldaniya" failures="0" tests="1" name="working_with_assertion.HardAssertDemo" time="0.022" errors="0" timestamp="2025-10-15T15:36:42 IST" skipped="0">
  <testcase classname="working_with_assertion.HardAssertDemo" name="case1" time="0.022"/>
</testsuite> <!-- working_with_assertion.HardAssertDemo -->
