<?xml version="1.0" encoding="UTF-8"?>
<!-- Generated by org.testng.reporters.JUnitReportReporter -->
<testsuite hostname="TYSS-Piyush-Baldaniya" failures="0" tests="1" name="types_of_execution.Demo1" time="8.010" errors="0" timestamp="2025-10-11T13:15:31 IST" skipped="0">
  <testcase classname="types_of_execution.Demo1" name="case1" time="8.010"/>
</testsuite> <!-- types_of_execution.Demo1 -->
