<?xml version="1.0" encoding="UTF-8"?>
<!-- Generated by org.testng.reporters.JUnitReportReporter -->
<testsuite hostname="TYSS-Piyush-Baldaniya" failures="0" tests="2" name="types_of_execution.Demo6" time="5.010" errors="0" timestamp="2025-10-14T14:39:58 IST" skipped="0">
  <testcase classname="types_of_execution.Demo6" name="case601" time="2.819"/>
  <testcase classname="types_of_execution.Demo6" name="case61" time="2.191"/>
</testsuite> <!-- types_of_execution.Demo6 -->
