<?xml version="1.0" encoding="UTF-8"?>
<!-- Generated by org.testng.reporters.JUnitReportReporter -->
<testsuite hostname="TYSS-Piyush-Baldaniya" failures="0" tests="2" name="types_of_execution.Demo7" time="4.490" errors="0" timestamp="2025-10-14T14:39:58 IST" skipped="0">
  <testcase classname="types_of_execution.Demo7" name="case701" time="2.253"/>
  <testcase classname="types_of_execution.Demo7" name="case71" time="2.237"/>
</testsuite> <!-- types_of_execution.Demo7 -->
