<?xml version="1.0" encoding="UTF-8"?>
<!-- Generated by org.testng.reporters.JUnitReportReporter -->
<testsuite hostname="TYSS-Piyush-Baldaniya" failures="0" tests="1" name="types_of_execution.Demo2" time="7.965" errors="0" timestamp="2025-10-11T13:15:31 IST" skipped="0">
  <testcase classname="types_of_execution.Demo2" name="case2" time="7.965"/>
</testsuite> <!-- types_of_execution.Demo2 -->
