<?xml version="1.0" encoding="UTF-8"?>
<!-- Generated by org.testng.reporters.JUnitReportReporter -->
<testsuite hostname="TYSS-Piyush-Baldaniya" failures="0" tests="6" name="testng_extra.DemoForInvocationTest" time="30.694" errors="0" timestamp="2025-10-10T14:59:07 IST" skipped="1">
  <testcase classname="testng_extra.DemoForInvocationTest" name="case3" time="6.140"/>
  <testcase classname="testng_extra.DemoForInvocationTest" name="case3" time="6.095"/>
  <testcase classname="testng_extra.DemoForInvocationTest" name="case3" time="6.117"/>
  <testcase classname="testng_extra.DemoForInvocationTest" name="case3" time="6.171"/>
  <testcase classname="testng_extra.DemoForInvocationTest" name="case3" time="6.171"/>
  <testcase classname="testng_extra.DemoForInvocationTest" name="case2">
    <skipped/>
  </testcase> <!-- case2 -->
</testsuite> <!-- testng_extra.DemoForInvocationTest -->
