<?xml version="1.0" encoding="UTF-8"?>
<!-- Generated by org.testng.reporters.JUnitReportReporter -->
<testsuite hostname="TYSS-Piyush-Baldaniya" failures="0" tests="1" name="config_ann_extra.ContactTest" time="8.584" errors="0" timestamp="2025-10-15T15:20:49 IST" skipped="0">
  <testcase classname="config_ann_extra.ContactTest" name="createContactTest" time="8.584"/>
</testsuite> <!-- config_ann_extra.ContactTest -->
