<?xml version="1.0" encoding="UTF-8"?>
<!-- Generated by org.testng.reporters.JUnitReportReporter -->
<testsuite hostname="TYSS-Piyush-Baldaniya" failures="0" tests="3" name="testng_extra.Demo1" time="0.013" errors="0" timestamp="2025-10-09T15:06:59 IST" skipped="0">
  <testcase classname="testng_extra.Demo1" name="case3" time="0.002">
    <system-out>
      <![CDATA[case 3 : Plz go elsewhere....]]>
    </system-out>
  </testcase> <!-- case3 -->
  <testcase classname="testng_extra.Demo1" name="case2" time="0.002">
    <system-out>
      <![CDATA[case 2 : Plz go elsewhere....]]>
    </system-out>
  </testcase> <!-- case2 -->
  <testcase classname="testng_extra.Demo1" name="case1" time="0.009"/>
  <system-out>
    <![CDATA[case 2 : Plz go elsewhere....
case 3 : Plz go elsewhere....]]>
  </system-out>
</testsuite> <!-- testng_extra.Demo1 -->
