<?xml version="1.0" encoding="UTF-8"?>
<!-- Generated by org.testng.reporters.JUnitReportReporter -->
<testsuite hostname="TYSS-Piyush-Baldaniya" failures="0" tests="1" name="advance_reports.SauceDemo" time="7.212" errors="0" timestamp="2025-10-30T15:36:35 IST" skipped="0">
  <testcase classname="advance_reports.SauceDemo" name="takeSS" time="7.212"/>
</testsuite> <!-- advance_reports.SauceDemo -->
