<?xml version="1.0" encoding="UTF-8"?>
<!-- Generated by org.testng.reporters.JUnitReportReporter -->
<testsuite hostname="TYSS-Piyush-Baldaniya" failures="0" tests="1" name="advance_reports.SauceDemo" time="4.159" errors="0" timestamp="2025-10-29T15:02:10 IST" skipped="0">
  <testcase classname="advance_reports.SauceDemo" name="login" time="4.159"/>
</testsuite> <!-- advance_reports.SauceDemo -->
