<?xml version="1.0" encoding="UTF-8"?>
<!-- Generated by org.testng.reporters.JUnitReportReporter -->
<testsuite hostname="TYSS-Piyush-Baldaniya" failures="0" tests="5" name="dp_extra.ArrayCheck" time="0.024" errors="0" timestamp="2025-10-11T11:55:23 IST" skipped="0">
  <testcase classname="dp_extra.ArrayCheck" name="loginToSauceDemo" time="0.003"/>
  <testcase classname="dp_extra.ArrayCheck" name="loginToSauceDemo" time="0.002"/>
  <testcase classname="dp_extra.ArrayCheck" name="loginToSauceDemo" time="0.002"/>
  <testcase classname="dp_extra.ArrayCheck" name="loginToSauceDemo" time="0.003"/>
  <testcase classname="dp_extra.ArrayCheck" name="loginToSauceDemo" time="0.014"/>
</testsuite> <!-- dp_extra.ArrayCheck -->
