<?xml version="1.0" encoding="UTF-8"?>
<!-- Generated by org.testng.reporters.JUnitReportReporter -->
<testsuite hostname="TYSS-Piyush-Baldaniya" failures="0" tests="1" name="config_ann_extra.OrgTest" time="0.012" errors="0" timestamp="2025-10-14T15:21:38 IST" skipped="0">
  <testcase classname="config_ann_extra.OrgTest" name="createOrgTest" time="0.012"/>
</testsuite> <!-- config_ann_extra.OrgTest -->
