<?xml version="1.0" encoding="UTF-8"?>
<!-- Generated by org.testng.reporters.JUnitReportReporter -->
<testsuite hostname="TYSS-Piyush-Baldaniya" failures="0" tests="1" name="config_ann_extra.OppTest" time="8.246" errors="0" timestamp="2025-10-15T15:19:22 IST" skipped="0">
  <testcase classname="config_ann_extra.OppTest" name="createOppTest" time="8.246"/>
</testsuite> <!-- config_ann_extra.OppTest -->
