<?xml version="1.0" encoding="UTF-8"?>
<!-- Generated by org.testng.reporters.JUnitReportReporter -->
<testsuite hostname="TYSS-Piyush-Baldaniya" failures="0" tests="1" name="organization.OrganizationTest" time="10.494" errors="0" timestamp="2025-10-15T15:24:36 IST" skipped="0">
  <testcase classname="organization.OrganizationTest" name="createOrgTest" time="10.494"/>
</testsuite> <!-- organization.OrganizationTest -->
